[Licensing::Module] Successfully connected to LicensingClient on channel: "LicenseClient-joe"
Entitlement-based licensing initiated
[LicensingClient] Licenses updated successfully
DisplayProgressbar: Unity license

LICENSE SYSTEM [202041 11:39:57] No start/stop license dates set

LICENSE SYSTEM [202041 11:39:57] Next license update check is after 2020-03-23T23:53:03

[Licensing::Module] Serial number assigned to: "I3-9R4D-8KXW-HMPQ-Y2DE-XXXX"

 COMMAND LINE ARGUMENTS:
/Applications/Unity/Hub/Editor/2020.1.0b3/Unity.app/Contents/MacOS/Unity
-adb2
-batchMode
-noUpm
-name
AssetImportWorker0
-projectPath
/Users/joe/Sources/DOTS-StreamedInstancingSample
-logFile
Logs/AssetImportWorker0.log
-srvPort
59717
Successfully changed project path to: /Users/joe/Sources/DOTS-StreamedInstancingSample
/Users/joe/Sources/DOTS-StreamedInstancingSample
Using Asset Import Pipeline V2.
Refreshing native plugins compatible for Editor in 122.77 ms, found 1 plugins.
Preloading 0 native plugins for Editor in 0.00 ms.
Initialize engine version: 2020.1.0b3 (6955a944264e)
[Subsystems] Discovering subsystems at path /Applications/Unity/Hub/Editor/2020.1.0b3/Unity.app/Contents/Resources/UnitySubsystems
[Subsystems] Discovering subsystems at path /Users/joe/Sources/DOTS-StreamedInstancingSample/Assets
GfxDevice: creating device client; threaded=0
2020-04-01 11:39:58.159 Unity[72247:4262387] Color LCD preferred device: AMD Radeon Pro 555X (high power)
2020-04-01 11:39:58.159 Unity[72247:4262387] Metal devices available: 2
2020-04-01 11:39:58.159 Unity[72247:4262387] 0: AMD Radeon Pro 555X (high power)
2020-04-01 11:39:58.159 Unity[72247:4262387] 1: Intel(R) UHD Graphics 630 (low power)
2020-04-01 11:39:58.167 Unity[72247:4262387] Using device AMD Radeon Pro 555X (high power)
Initializing Metal device caps: AMD Radeon Pro 555X
WARNING: Shader Unsupported: 'Hidden/HDRP/TerrainLit_Basemap' - Setting to default shader.
Initialize mono
Mono path[0] = '/Applications/Unity/Hub/Editor/2020.1.0b3/Unity.app/Contents/Managed'
Mono path[1] = '/Applications/Unity/Hub/Editor/2020.1.0b3/Unity.app/Contents/MonoBleedingEdge/lib/mono/unityjit'
Mono config path = '/Applications/Unity/Hub/Editor/2020.1.0b3/Unity.app/Contents/MonoBleedingEdge/etc'
Using monoOptions --debugger-agent=transport=dt_socket,embedding=1,server=y,suspend=n,address=127.0.0.1:56247
Begin MonoManager ReloadAssembly
Registering precompiled unity dll's ...
Register platform support module: /Applications/Unity/Hub/Editor/2020.1.0b3/Unity.app/Contents/PlaybackEngines/MacStandaloneSupport/UnityEditor.OSXStandalone.Extensions.dll
Registered in 0.000927 seconds.
Native extension for OSXStandalone target not found
Refreshing native plugins compatible for Editor in 150.24 ms, found 1 plugins.
Preloading 0 native plugins for Editor in 0.00 ms.
Mono: successfully reloaded assembly
- Completed reload, in  2.989 seconds
Registering precompiled user dll's ...
Registered in 0.285012 seconds.
Platform modules already initialized, skipping
Begin MonoManager ReloadAssembly
Symbol file LoadedFromMemory doesn't match image /Users/joe/Sources/DOTS-StreamedInstancingSample/Library/PackageCache/com.unity.ext.nunit@1.0.0/net35/unity-custom/nunit.framework.dll
Native extension for OSXStandalone target not found
Refreshing native plugins compatible for Editor in 137.07 ms, found 1 plugins.
Preloading 0 native plugins for Editor in 0.00 ms.
Mono: successfully reloaded assembly
- Completed reload, in  3.475 seconds
Platform modules already initialized, skipping
========================================================================
Worker process is ready to serve import requests
WARNING: Shader Unsupported: 'Hidden/HDRP/RaytracingFlagMask' - Pass 'Forward' has no vertex shader
WARNING: Shader Unsupported: 'Hidden/HDRP/RaytracingFlagMask' - All passes removed
WARNING: Shader Did you use #pragma only_renderers and omit this platform?
WARNING: Shader Unsupported: 'Hidden/HDRP/RaytracingFlagMask' - Setting to default shader.
WARNING: Shader Unsupported: 'Hidden/HDRP/DebugLightCluster' - Pass '' has no vertex shader
WARNING: Shader Unsupported: 'Hidden/HDRP/DebugLightCluster' - Setting to default shader.
Refreshing native plugins compatible for Editor in 1.88 ms, found 1 plugins.
Preloading 0 native plugins for Editor in 0.00 ms.
Unloading 3826 Unused Serialized files (Serialized files now loaded: 0)
System memory in use before: 474.0 MB.
System memory in use after: 470.8 MB.

Unloading 53 unused Assets to reduce memory usage. Loaded Objects now: 4192.
Total: 12.007636 ms (FindLiveObjects: 1.450357 ms CreateObjectMapping: 0.533998 ms MarkObjects: 4.693746 ms  DeleteObjects: 5.327949 ms)

========================================================================
Received Import Request.
  path: Assets/SceneDependencyCache/e3b6c9d371f5be756330e533fb3beefa.sceneWithBuildSettings
  artifactKey: Guid(e3b6c9d371f5be756330e533fb3beefa) Importer(2089858483,52bed625d08a7023a15481c3fbd73797)
Start importing Assets/SceneDependencyCache/e3b6c9d371f5be756330e533fb3beefa.sceneWithBuildSettings using Guid(e3b6c9d371f5be756330e533fb3beefa) Importer(2089858483,52bed625d08a7023a15481c3fbd73797) Opening scene 'Assets/TileInstancing/Scatter.unity additively'
Loaded scene 'Assets/TileInstancing/Scatter.unity'
	Deserialize:            16.787 ms
	Integration:            8.637 ms
	Integration of assets:  9.547 ms
	Thread Wait Time:       15.543 ms
	Total Operation Time:   50.514 ms
InvalidOperationException: Stack empty.
  at System.Collections.Generic.Stack`1[T].ThrowForEmptyStack () [0x00000] in <4f004251610247e68900eb710906a95e>:0 
  at System.Collections.Generic.Stack`1[T].Peek () [0x00008] in <4f004251610247e68900eb710906a95e>:0 
  at UnityEditor.AssetPostprocessingInternal.CleanupPostprocessors () [0x00060] in /Users/builduser/buildslave/unity/build/Editor/Mono/AssetPostprocessor.cs:348 
 
(Filename: <4f004251610247e68900eb710906a95e> Line: 0)

 -> (target hash: '72f75ae2806dbb73ab23cfc10bce98f9') in 38.043800 seconds
  Import took 38.060735 seconds .

========================================================================
Received Prepare
Reloading mono domain
Begin MonoManager ReloadAssembly
Registering precompiled unity dll's ...
Register platform support module: /Applications/Unity/Hub/Editor/2020.1.0b3/Unity.app/Contents/PlaybackEngines/MacStandaloneSupport/UnityEditor.OSXStandalone.Extensions.dll
Registered in 0.000595 seconds.
Symbol file LoadedFromMemory doesn't match image /Users/joe/Sources/DOTS-StreamedInstancingSample/Library/PackageCache/com.unity.ext.nunit@1.0.0/net35/unity-custom/nunit.framework.dll
Native extension for OSXStandalone target not found
Refreshing native plugins compatible for Editor in 66.10 ms, found 1 plugins.
Preloading 0 native plugins for Editor in 0.00 ms.
Mono: successfully reloaded assembly
- Completed reload, in  1.734 seconds
Registering precompiled user dll's ...
Registered in 0.139470 seconds.
Platform modules already initialized, skipping
Begin MonoManager ReloadAssembly
Symbol file LoadedFromMemory doesn't match image /Users/joe/Sources/DOTS-StreamedInstancingSample/Library/PackageCache/com.unity.ext.nunit@1.0.0/net35/unity-custom/nunit.framework.dll
Native extension for OSXStandalone target not found
Refreshing native plugins compatible for Editor in 0.66 ms, found 1 plugins.
Preloading 0 native plugins for Editor in 0.00 ms.
Mono: successfully reloaded assembly
- Completed reload, in  1.657 seconds
Platform modules already initialized, skipping
WARNING: Shader Unsupported: 'Hidden/HDRP/RaytracingFlagMask' - Pass 'Forward' has no vertex shader
WARNING: Shader Unsupported: 'Hidden/HDRP/RaytracingFlagMask' - All passes removed
WARNING: Shader Did you use #pragma only_renderers and omit this platform?
WARNING: Shader Unsupported: 'Hidden/HDRP/RaytracingFlagMask' - Setting to default shader.
WARNING: Shader Unsupported: 'Hidden/HDRP/DebugLightCluster' - Pass '' has no vertex shader
WARNING: Shader Unsupported: 'Hidden/HDRP/DebugLightCluster' - Setting to default shader.
Refreshing native plugins compatible for Editor in 0.64 ms, found 1 plugins.
Preloading 0 native plugins for Editor in 0.00 ms.
Unloading 55 Unused Serialized files (Serialized files now loaded: 0)
System memory in use before: 0.86 GB.
System memory in use after: 0.86 GB.

Unloading 46 unused Assets to reduce memory usage. Loaded Objects now: 4209.
Total: 6.195122 ms (FindLiveObjects: 0.575179 ms CreateObjectMapping: 0.239737 ms MarkObjects: 2.173299 ms  DeleteObjects: 3.205777 ms)

AssetImportWorkerClient::OnTransportError - code=2 error=End of file
