
=== Sat Oct  5 18:57:48 2019

Packages were changed.
Update Mode: updateDependencies

The following packages were added:
  com.unity.2d.tilemap@1.0.0
  com.unity.test-framework@1.1.1
  com.unity.2d.sprite@1.0.0
  com.unity.ide.vscode@1.1.2
  com.unity.ide.rider@1.1.0
  com.unity.ugui@1.0.0
  com.unity.modules.androidjni@1.0.0
The following packages were updated:
  com.unity.collab-proxy from version 1.2.15 to 1.2.16
  com.unity.purchasing from version 2.0.1 to 2.0.6
  com.unity.render-pipelines.high-definition from version 5.6.1-preview to 7.1.1
  com.unity.timeline from version 1.0.0 to 1.2.2
  com.unity.xr.legacyinputhelpers from version 1.0.0 to 1.3.7
The following packages were removed:
  com.unity.package-manager-ui@2.1.1

=== Wed Apr  1 11:35:46 2020

Packages were changed.
Update Mode: updateDependencies

The following packages were added:
  com.unity.ide.visualstudio@2.0.0
The following packages were updated:
  com.unity.ide.rider from version 1.1.0 to 1.2.1
  com.unity.ide.vscode from version 1.1.3 to 1.1.4
  com.unity.render-pipelines.high-definition from version 7.1.5 to 8.0.1
